This file contains any messages produced by compilers while
running configure, to aid debugging if configure makes a mistake.

It was created by newlib configure 2.0.0, which was
generated by GNU Autoconf 2.68.  Invocation command line was

  $ /home/semih/packetngin/sdk/newlib-2.0.0/newlib/configure --cache-file=./config.cache --with-newlib --with-cross-host=x86_64-unknown-linux-gnu --disable-multilib --program-transform-name=s&^&x86_64-pc-packetngin-& --disable-option-checking --with-target-subdir=x86_64-pc-packetngin --build=x86_64-unknown-linux-gnu --host=x86_64-pc-packetngin --target=x86_64-pc-packetngin --srcdir=../.././newlib

## --------- ##
## Platform. ##
## --------- ##

hostname = www
uname -m = x86_64
uname -r = 3.2.0-4-amd64
uname -s = Linux
uname -v = #1 SMP Debian 3.2.51-1

/usr/bin/uname -p = unknown
/bin/uname -X     = unknown

/bin/arch              = unknown
/usr/bin/arch -k       = unknown
/usr/convex/getsysinfo = unknown
/usr/bin/hostinfo      = unknown
/bin/machine           = unknown
/usr/bin/oslevel       = unknown
/bin/universe          = unknown

PATH: /home/semih/bin
PATH: /usr/local/bin
PATH: /usr/bin
PATH: /bin
PATH: /usr/local/games
PATH: /usr/games
PATH: /usr/local/node/bin
PATH: /usr/local/java/bin
PATH: ../bin


## ----------- ##
## Core tests. ##
## ----------- ##

configure:2111: creating cache ./config.cache
configure:2359: checking build system type
configure:2373: result: x86_64-unknown-linux-gnu
configure:2393: checking host system type
configure:2406: result: x86_64-pc-packetngin
configure:2442: checking for a BSD-compatible install
configure:2510: result: /usr/bin/install -c
configure:2521: checking whether build environment is sane
configure:2571: result: yes
configure:2620: checking for x86_64-pc-packetngin-strip
configure:2647: result: x86_64-pc-packetngin-strip
configure:2712: checking for a thread-safe mkdir -p
configure:2751: result: /bin/mkdir -p
configure:2764: checking for gawk
configure:2791: result: mawk
configure:2802: checking whether make sets $(MAKE)
configure:2824: result: yes
configure:2854: checking for style of include used by make
configure:2882: result: GNU
configure:3092: checking for gcc
configure:3119: result: x86_64-pc-packetngin-cc -B/home/semih/packetngin/sdk/newlib-2.0.0/x86_64-pc-packetngin/newlib/ -isystem /home/semih/packetngin/sdk/newlib-2.0.0/x86_64-pc-packetngin/newlib/targ-include -isystem /home/semih/packetngin/sdk/newlib-2.0.0/newlib/libc/include -B/home/semih/packetngin/sdk/newlib-2.0.0/x86_64-pc-packetngin/libgloss/x86_64 -L/home/semih/packetngin/sdk/newlib-2.0.0/x86_64-pc-packetngin/libgloss/libnosys -L/home/semih/packetngin/sdk/newlib-2.0.0/libgloss/x86_64   
configure:3130: checking dependency style of x86_64-pc-packetngin-cc -B/home/semih/packetngin/sdk/newlib-2.0.0/x86_64-pc-packetngin/newlib/ -isystem /home/semih/packetngin/sdk/newlib-2.0.0/x86_64-pc-packetngin/newlib/targ-include -isystem /home/semih/packetngin/sdk/newlib-2.0.0/newlib/libc/include -B/home/semih/packetngin/sdk/newlib-2.0.0/x86_64-pc-packetngin/libgloss/x86_64 -L/home/semih/packetngin/sdk/newlib-2.0.0/x86_64-pc-packetngin/libgloss/libnosys -L/home/semih/packetngin/sdk/newlib-2.0.0/libgloss/x86_64   
configure:3241: result: gcc3
configure:3314: checking whether we are using GNU C
configure:3325: x86_64-pc-packetngin-cc -B/home/semih/packetngin/sdk/newlib-2.0.0/x86_64-pc-packetngin/newlib/ -isystem /home/semih/packetngin/sdk/newlib-2.0.0/x86_64-pc-packetngin/newlib/targ-include -isystem /home/semih/packetngin/sdk/newlib-2.0.0/newlib/libc/include -B/home/semih/packetngin/sdk/newlib-2.0.0/x86_64-pc-packetngin/libgloss/x86_64 -L/home/semih/packetngin/sdk/newlib-2.0.0/x86_64-pc-packetngin/libgloss/libnosys -L/home/semih/packetngin/sdk/newlib-2.0.0/libgloss/x86_64    -E conftest.c
configure:3328: $? = 0
configure:3335: result: yes
configure:3344: checking whether x86_64-pc-packetngin-cc -B/home/semih/packetngin/sdk/newlib-2.0.0/x86_64-pc-packetngin/newlib/ -isystem /home/semih/packetngin/sdk/newlib-2.0.0/x86_64-pc-packetngin/newlib/targ-include -isystem /home/semih/packetngin/sdk/newlib-2.0.0/newlib/libc/include -B/home/semih/packetngin/sdk/newlib-2.0.0/x86_64-pc-packetngin/libgloss/x86_64 -L/home/semih/packetngin/sdk/newlib-2.0.0/x86_64-pc-packetngin/libgloss/libnosys -L/home/semih/packetngin/sdk/newlib-2.0.0/libgloss/x86_64    accepts -g
configure:3364: x86_64-pc-packetngin-cc -B/home/semih/packetngin/sdk/newlib-2.0.0/x86_64-pc-packetngin/newlib/ -isystem /home/semih/packetngin/sdk/newlib-2.0.0/x86_64-pc-packetngin/newlib/targ-include -isystem /home/semih/packetngin/sdk/newlib-2.0.0/newlib/libc/include -B/home/semih/packetngin/sdk/newlib-2.0.0/x86_64-pc-packetngin/libgloss/x86_64 -L/home/semih/packetngin/sdk/newlib-2.0.0/x86_64-pc-packetngin/libgloss/libnosys -L/home/semih/packetngin/sdk/newlib-2.0.0/libgloss/x86_64    -c -g  conftest.c >&5
configure:3364: $? = 0
configure: failed program was:
| /* confdefs.h */
| #define PACKAGE_NAME "newlib"
| #define PACKAGE_TARNAME "newlib"
| #define PACKAGE_VERSION "2.0.0"
| #define PACKAGE_STRING "newlib 2.0.0"
| #define PACKAGE_BUGREPORT ""
| #define PACKAGE_URL ""
| /* end confdefs.h.  */
| 
| int
| main ()
| {
| 
|   ;
|   return 0;
| }
configure:3379: x86_64-pc-packetngin-cc -B/home/semih/packetngin/sdk/newlib-2.0.0/x86_64-pc-packetngin/newlib/ -isystem /home/semih/packetngin/sdk/newlib-2.0.0/x86_64-pc-packetngin/newlib/targ-include -isystem /home/semih/packetngin/sdk/newlib-2.0.0/newlib/libc/include -B/home/semih/packetngin/sdk/newlib-2.0.0/x86_64-pc-packetngin/libgloss/x86_64 -L/home/semih/packetngin/sdk/newlib-2.0.0/x86_64-pc-packetngin/libgloss/libnosys -L/home/semih/packetngin/sdk/newlib-2.0.0/libgloss/x86_64    -c   conftest.c >&5
configure:3379: $? = 0
configure: failed program was:
| /* confdefs.h */
| #define PACKAGE_NAME "newlib"
| #define PACKAGE_TARNAME "newlib"
| #define PACKAGE_VERSION "2.0.0"
| #define PACKAGE_STRING "newlib 2.0.0"
| #define PACKAGE_BUGREPORT ""
| #define PACKAGE_URL ""
| /* end confdefs.h.  */
| 
| int
| main ()
| {
| 
|   ;
|   return 0;
| }
configure:3395: x86_64-pc-packetngin-cc -B/home/semih/packetngin/sdk/newlib-2.0.0/x86_64-pc-packetngin/newlib/ -isystem /home/semih/packetngin/sdk/newlib-2.0.0/x86_64-pc-packetngin/newlib/targ-include -isystem /home/semih/packetngin/sdk/newlib-2.0.0/newlib/libc/include -B/home/semih/packetngin/sdk/newlib-2.0.0/x86_64-pc-packetngin/libgloss/x86_64 -L/home/semih/packetngin/sdk/newlib-2.0.0/x86_64-pc-packetngin/libgloss/libnosys -L/home/semih/packetngin/sdk/newlib-2.0.0/libgloss/x86_64    -c -g  conftest.c >&5
configure:3395: $? = 0
configure: failed program was:
| /* confdefs.h */
| #define PACKAGE_NAME "newlib"
| #define PACKAGE_TARNAME "newlib"
| #define PACKAGE_VERSION "2.0.0"
| #define PACKAGE_STRING "newlib 2.0.0"
| #define PACKAGE_BUGREPORT ""
| #define PACKAGE_URL ""
| /* end confdefs.h.  */
| 
| int
| main ()
| {
| 
|   ;
|   return 0;
| }
configure:3405: result: no
configure:3438: checking for x86_64-pc-packetngin-as
configure:3465: result: x86_64-pc-packetngin-as
configure:3530: checking for x86_64-pc-packetngin-ar
configure:3557: result: x86_64-pc-packetngin-ar
configure:3622: checking for x86_64-pc-packetngin-ranlib
configure:3649: result: x86_64-pc-packetngin-ranlib
configure:3714: checking for x86_64-pc-packetngin-readelf
configure:3741: result: x86_64-pc-packetngin-readelf
configure:3810: checking whether to enable maintainer-specific portions of Makefiles
configure:3819: result: no
configure:3929: checking for a sed that does not truncate output
configure:3993: result: /bin/sed
configure:4015: checking how to print strings
configure:4042: result: printf
configure:4067: checking for gawk
configure:4094: result: mawk
configure:12310: checking for .preinit_array/.init_array/.fini_array support
configure:12323: x86_64-pc-packetngin-cc -B/home/semih/packetngin/sdk/newlib-2.0.0/x86_64-pc-packetngin/newlib/ -isystem /home/semih/packetngin/sdk/newlib-2.0.0/x86_64-pc-packetngin/newlib/targ-include -isystem /home/semih/packetngin/sdk/newlib-2.0.0/newlib/libc/include -B/home/semih/packetngin/sdk/newlib-2.0.0/x86_64-pc-packetngin/libgloss/x86_64 -L/home/semih/packetngin/sdk/newlib-2.0.0/x86_64-pc-packetngin/libgloss/libnosys -L/home/semih/packetngin/sdk/newlib-2.0.0/libgloss/x86_64    -g -O2  -c -o conftest conftest.c
							1>&5
configure:12326: $? = 0
configure:12339: result: no
configure:12349: checking whether long double type exists
configure:12369: x86_64-pc-packetngin-cc -B/home/semih/packetngin/sdk/newlib-2.0.0/x86_64-pc-packetngin/newlib/ -isystem /home/semih/packetngin/sdk/newlib-2.0.0/x86_64-pc-packetngin/newlib/targ-include -isystem /home/semih/packetngin/sdk/newlib-2.0.0/newlib/libc/include -B/home/semih/packetngin/sdk/newlib-2.0.0/x86_64-pc-packetngin/libgloss/x86_64 -L/home/semih/packetngin/sdk/newlib-2.0.0/x86_64-pc-packetngin/libgloss/libnosys -L/home/semih/packetngin/sdk/newlib-2.0.0/libgloss/x86_64    -g -O2  -c -o conftest.o conftest.c
							1>&5
configure:12372: $? = 0
configure:12381: result: yes
configure:12398: checking whether long double equals double
configure:12414: x86_64-pc-packetngin-cc -B/home/semih/packetngin/sdk/newlib-2.0.0/x86_64-pc-packetngin/newlib/ -isystem /home/semih/packetngin/sdk/newlib-2.0.0/x86_64-pc-packetngin/newlib/targ-include -isystem /home/semih/packetngin/sdk/newlib-2.0.0/newlib/libc/include -B/home/semih/packetngin/sdk/newlib-2.0.0/x86_64-pc-packetngin/libgloss/x86_64 -L/home/semih/packetngin/sdk/newlib-2.0.0/x86_64-pc-packetngin/libgloss/libnosys -L/home/semih/packetngin/sdk/newlib-2.0.0/libgloss/x86_64    -g -O2  -c -o conftest.o conftest.c
							1>&5
conftest.c:5:4: error: #error "LDBL != DBL"
configure:12417: $? = 1
configure:12426: result: no
configure:12504: updating cache ./config.cache
configure:12617: creating ./config.status

## ---------------------- ##
## Running config.status. ##
## ---------------------- ##

This file was extended by newlib config.status 2.0.0, which was
generated by GNU Autoconf 2.68.  Invocation command line was

  CONFIG_FILES    = 
  CONFIG_HEADERS  = 
  CONFIG_LINKS    = 
  CONFIG_COMMANDS = 
  $ ./config.status 

on www

config.status:1137: creating Makefile
config.status:1137: creating newlib.h
config.status:1351: executing depfiles commands
configure:14936: === configuring in libc (/home/semih/packetngin/sdk/newlib-2.0.0/x86_64-pc-packetngin/newlib/libc)
configure:14999: running /bin/bash ../../.././newlib/libc/configure --disable-option-checking '--prefix=/usr/local'  '--with-newlib' '--with-cross-host=x86_64-unknown-linux-gnu' '--disable-multilib' '--program-transform-name=s&^&x86_64-pc-packetngin-&' '--with-target-subdir=x86_64-pc-packetngin' '--build=x86_64-unknown-linux-gnu' '--host=x86_64-pc-packetngin' '--target=x86_64-pc-packetngin' 'build_alias=x86_64-unknown-linux-gnu' 'host_alias=x86_64-pc-packetngin' 'target_alias=x86_64-pc-packetngin' 'CC=x86_64-pc-packetngin-cc -B/home/semih/packetngin/sdk/newlib-2.0.0/x86_64-pc-packetngin/newlib/ -isystem /home/semih/packetngin/sdk/newlib-2.0.0/x86_64-pc-packetngin/newlib/targ-include -isystem /home/semih/packetngin/sdk/newlib-2.0.0/newlib/libc/include -B/home/semih/packetngin/sdk/newlib-2.0.0/x86_64-pc-packetngin/libgloss/x86_64 -L/home/semih/packetngin/sdk/newlib-2.0.0/x86_64-pc-packetngin/libgloss/libnosys -L/home/semih/packetngin/sdk/newlib-2.0.0/libgloss/x86_64   ' 'CFLAGS=-g -O2' 'LDFLAGS=' 'CPPFLAGS=' --cache-file=.././config.cache --srcdir=../../.././newlib/libc
configure:14936: === configuring in libm (/home/semih/packetngin/sdk/newlib-2.0.0/x86_64-pc-packetngin/newlib/libm)
configure:14999: running /bin/bash ../../.././newlib/libm/configure --disable-option-checking '--prefix=/usr/local'  '--with-newlib' '--with-cross-host=x86_64-unknown-linux-gnu' '--disable-multilib' '--program-transform-name=s&^&x86_64-pc-packetngin-&' '--with-target-subdir=x86_64-pc-packetngin' '--build=x86_64-unknown-linux-gnu' '--host=x86_64-pc-packetngin' '--target=x86_64-pc-packetngin' 'build_alias=x86_64-unknown-linux-gnu' 'host_alias=x86_64-pc-packetngin' 'target_alias=x86_64-pc-packetngin' 'CC=x86_64-pc-packetngin-cc -B/home/semih/packetngin/sdk/newlib-2.0.0/x86_64-pc-packetngin/newlib/ -isystem /home/semih/packetngin/sdk/newlib-2.0.0/x86_64-pc-packetngin/newlib/targ-include -isystem /home/semih/packetngin/sdk/newlib-2.0.0/newlib/libc/include -B/home/semih/packetngin/sdk/newlib-2.0.0/x86_64-pc-packetngin/libgloss/x86_64 -L/home/semih/packetngin/sdk/newlib-2.0.0/x86_64-pc-packetngin/libgloss/libnosys -L/home/semih/packetngin/sdk/newlib-2.0.0/libgloss/x86_64   ' 'CFLAGS=-g -O2' 'LDFLAGS=' 'CPPFLAGS=' --cache-file=.././config.cache --srcdir=../../.././newlib/libm
configure:14936: === configuring in doc (/home/semih/packetngin/sdk/newlib-2.0.0/x86_64-pc-packetngin/newlib/doc)
configure:14999: running /bin/bash ../../.././newlib/doc/configure --disable-option-checking '--prefix=/usr/local'  '--with-newlib' '--with-cross-host=x86_64-unknown-linux-gnu' '--disable-multilib' '--program-transform-name=s&^&x86_64-pc-packetngin-&' '--with-target-subdir=x86_64-pc-packetngin' '--build=x86_64-unknown-linux-gnu' '--host=x86_64-pc-packetngin' '--target=x86_64-pc-packetngin' 'build_alias=x86_64-unknown-linux-gnu' 'host_alias=x86_64-pc-packetngin' 'target_alias=x86_64-pc-packetngin' 'CC=x86_64-pc-packetngin-cc -B/home/semih/packetngin/sdk/newlib-2.0.0/x86_64-pc-packetngin/newlib/ -isystem /home/semih/packetngin/sdk/newlib-2.0.0/x86_64-pc-packetngin/newlib/targ-include -isystem /home/semih/packetngin/sdk/newlib-2.0.0/newlib/libc/include -B/home/semih/packetngin/sdk/newlib-2.0.0/x86_64-pc-packetngin/libgloss/x86_64 -L/home/semih/packetngin/sdk/newlib-2.0.0/x86_64-pc-packetngin/libgloss/libnosys -L/home/semih/packetngin/sdk/newlib-2.0.0/libgloss/x86_64   ' 'CFLAGS=-g -O2' 'LDFLAGS=' 'CPPFLAGS=' --cache-file=.././config.cache --srcdir=../../.././newlib/doc

## ---------------- ##
## Cache variables. ##
## ---------------- ##

ac_cv_build=x86_64-unknown-linux-gnu
ac_cv_c_compiler_gnu=yes
ac_cv_env_CCASFLAGS_set=
ac_cv_env_CCASFLAGS_value=
ac_cv_env_CCAS_set=
ac_cv_env_CCAS_value=
ac_cv_env_CC_set=set
ac_cv_env_CC_value='x86_64-pc-packetngin-cc -B/home/semih/packetngin/sdk/newlib-2.0.0/x86_64-pc-packetngin/newlib/ -isystem /home/semih/packetngin/sdk/newlib-2.0.0/x86_64-pc-packetngin/newlib/targ-include -isystem /home/semih/packetngin/sdk/newlib-2.0.0/newlib/libc/include -B/home/semih/packetngin/sdk/newlib-2.0.0/x86_64-pc-packetngin/libgloss/x86_64 -L/home/semih/packetngin/sdk/newlib-2.0.0/x86_64-pc-packetngin/libgloss/libnosys -L/home/semih/packetngin/sdk/newlib-2.0.0/libgloss/x86_64   '
ac_cv_env_CFLAGS_set=set
ac_cv_env_CFLAGS_value='-g -O2'
ac_cv_env_CPPFLAGS_set=set
ac_cv_env_CPPFLAGS_value=
ac_cv_env_CPP_set=
ac_cv_env_CPP_value=
ac_cv_env_LDFLAGS_set=set
ac_cv_env_LDFLAGS_value=
ac_cv_env_LIBS_set=
ac_cv_env_LIBS_value=
ac_cv_env_build_alias_set=set
ac_cv_env_build_alias_value=x86_64-unknown-linux-gnu
ac_cv_env_host_alias_set=set
ac_cv_env_host_alias_value=x86_64-pc-packetngin
ac_cv_env_target_alias_set=set
ac_cv_env_target_alias_value=x86_64-pc-packetngin
ac_cv_host=x86_64-pc-packetngin
ac_cv_path_SED=/bin/sed
ac_cv_path_mkdir=/bin/mkdir
ac_cv_prog_AR=x86_64-pc-packetngin-ar
ac_cv_prog_AS=x86_64-pc-packetngin-as
ac_cv_prog_AWK=mawk
ac_cv_prog_CC='x86_64-pc-packetngin-cc -B/home/semih/packetngin/sdk/newlib-2.0.0/x86_64-pc-packetngin/newlib/ -isystem /home/semih/packetngin/sdk/newlib-2.0.0/x86_64-pc-packetngin/newlib/targ-include -isystem /home/semih/packetngin/sdk/newlib-2.0.0/newlib/libc/include -B/home/semih/packetngin/sdk/newlib-2.0.0/x86_64-pc-packetngin/libgloss/x86_64 -L/home/semih/packetngin/sdk/newlib-2.0.0/x86_64-pc-packetngin/libgloss/libnosys -L/home/semih/packetngin/sdk/newlib-2.0.0/libgloss/x86_64   '
ac_cv_prog_RANLIB=x86_64-pc-packetngin-ranlib
ac_cv_prog_READELF=x86_64-pc-packetngin-readelf
ac_cv_prog_STRIP=x86_64-pc-packetngin-strip
ac_cv_prog_cc_g=no
ac_cv_prog_make_make_set=yes
acnewlib_cv_type_long_double=yes
am_cv_CC_dependencies_compiler_type=gcc3
libc_cv_initfinit_array=no
newlib_cv_ldbl_eq_dbl=no

## ----------------- ##
## Output variables. ##
## ----------------- ##

ACLOCAL='${SHELL} /home/semih/packetngin/sdk/newlib-2.0.0/missing --run aclocal-1.11'
AMDEPBACKSLASH='\'
AMDEP_FALSE='#'
AMDEP_TRUE=''
AMTAR='$${TAR-tar}'
AR='x86_64-pc-packetngin-ar'
AS='x86_64-pc-packetngin-as'
AUTOCONF='${SHELL} /home/semih/packetngin/sdk/newlib-2.0.0/missing --run autoconf'
AUTOHEADER='${SHELL} /home/semih/packetngin/sdk/newlib-2.0.0/missing --run autoheader'
AUTOMAKE='${SHELL} /home/semih/packetngin/sdk/newlib-2.0.0/missing --run automake-1.11'
AWK='mawk'
CC='x86_64-pc-packetngin-cc -B/home/semih/packetngin/sdk/newlib-2.0.0/x86_64-pc-packetngin/newlib/ -isystem /home/semih/packetngin/sdk/newlib-2.0.0/x86_64-pc-packetngin/newlib/targ-include -isystem /home/semih/packetngin/sdk/newlib-2.0.0/newlib/libc/include -B/home/semih/packetngin/sdk/newlib-2.0.0/x86_64-pc-packetngin/libgloss/x86_64 -L/home/semih/packetngin/sdk/newlib-2.0.0/x86_64-pc-packetngin/libgloss/libnosys -L/home/semih/packetngin/sdk/newlib-2.0.0/libgloss/x86_64   '
CCAS='x86_64-pc-packetngin-cc -B/home/semih/packetngin/sdk/newlib-2.0.0/x86_64-pc-packetngin/newlib/ -isystem /home/semih/packetngin/sdk/newlib-2.0.0/x86_64-pc-packetngin/newlib/targ-include -isystem /home/semih/packetngin/sdk/newlib-2.0.0/newlib/libc/include -B/home/semih/packetngin/sdk/newlib-2.0.0/x86_64-pc-packetngin/libgloss/x86_64 -L/home/semih/packetngin/sdk/newlib-2.0.0/x86_64-pc-packetngin/libgloss/libnosys -L/home/semih/packetngin/sdk/newlib-2.0.0/libgloss/x86_64   '
CCASFLAGS='-g -O2'
CCDEPMODE='depmode=gcc3'
CC_FOR_BUILD='gcc'
CC_FOR_NEWLIB='x86_64-pc-packetngin-cc -B/home/semih/packetngin/sdk/newlib-2.0.0/x86_64-pc-packetngin/newlib/ -isystem /home/semih/packetngin/sdk/newlib-2.0.0/x86_64-pc-packetngin/newlib/targ-include -isystem /home/semih/packetngin/sdk/newlib-2.0.0/newlib/libc/include -B/home/semih/packetngin/sdk/newlib-2.0.0/x86_64-pc-packetngin/libgloss/x86_64 -L/home/semih/packetngin/sdk/newlib-2.0.0/x86_64-pc-packetngin/libgloss/libnosys -L/home/semih/packetngin/sdk/newlib-2.0.0/libgloss/x86_64   '
CFLAGS='-g -O2'
CPP=''
CPPFLAGS=''
CRT0='crt0.o'
CRT0_DIR='libc/'
CRT1=''
CRT1_DIR=''
CYGPATH_W='echo'
DEFS='-DHAVE_CONFIG_H'
DEPDIR='.deps'
DLLTOOL='x86_64-pc-packetngin-dlltool'
DSYMUTIL=''
DUMPBIN=''
ECHO_C=''
ECHO_N='-n'
ECHO_T=''
EGREP=''
ELIX_LEVEL_0_FALSE='#'
ELIX_LEVEL_0_TRUE=''
ELIX_LEVEL_1_FALSE=''
ELIX_LEVEL_1_TRUE='#'
ELIX_LEVEL_2_FALSE=''
ELIX_LEVEL_2_TRUE='#'
ELIX_LEVEL_3_FALSE=''
ELIX_LEVEL_3_TRUE='#'
ELIX_LEVEL_4_FALSE=''
ELIX_LEVEL_4_TRUE='#'
EXEEXT=''
EXTRA_DIRS=''
FGREP=''
GREP=''
HAVE_DOC_FALSE='#'
HAVE_DOC_TRUE=''
HAVE_LONG_DOUBLE_FALSE='#'
HAVE_LONG_DOUBLE_TRUE=''
INSTALL_DATA='/usr/bin/install -c -m 644'
INSTALL_PROGRAM='/usr/bin/install -c'
INSTALL_SCRIPT='/usr/bin/install -c'
INSTALL_STRIP_PROGRAM='$(install_sh) -c -s'
LD='x86_64-pc-packetngin-ld'
LDFLAGS=''
LIBM_MACHINE_OBJECTLIST=''
LIBOBJS=''
LIBS=''
LIBTOOL=''
LIPO='x86_64-pc-packetngin-lipo'
LN_S=''
LTLIBOBJS=''
MACHINE_OBJECTLIST='libc/machine/x86_64/objectlist.awk.in'
MAINT='#'
MAINTAINER_MODE_FALSE=''
MAINTAINER_MODE_TRUE='#'
MAKEINFO='makeinfo --split-size=5000000'
MAY_SUPPLY_SYSCALLS_FALSE='#'
MAY_SUPPLY_SYSCALLS_TRUE=''
MKDIR_P='/bin/mkdir -p'
NEWLIB_CFLAGS=' -DMALLOC_PROVIDED -fno-builtin'
NEWLIB_HW_FP_FALSE=''
NEWLIB_HW_FP_TRUE='#'
NM='x86_64-pc-packetngin-nm'
NMEDIT=''
NO_INCLUDE_LIST=' rpc/types.h rpc/xdr.h'
OBJDUMP='x86_64-pc-packetngin-objdump'
OBJEXT='o'
OTOOL64=''
OTOOL=''
PACKAGE='newlib'
PACKAGE_BUGREPORT=''
PACKAGE_NAME='newlib'
PACKAGE_STRING='newlib 2.0.0'
PACKAGE_TARNAME='newlib'
PACKAGE_URL=''
PACKAGE_VERSION='2.0.0'
PATH_SEPARATOR=':'
POSIX_OBJECTLIST=''
RANLIB='x86_64-pc-packetngin-ranlib'
READELF='x86_64-pc-packetngin-readelf'
SED='/bin/sed'
SET_MAKE=''
SHELL='/bin/bash'
SIGNAL_OBJECTLIST='libc/signal/objectlist.awk.in'
STDIO64_OBJECTLIST=''
STRIP='x86_64-pc-packetngin-strip'
SYSCALL_OBJECTLIST=''
SYS_MACH_OBJECTLIST=''
SYS_OBJECTLIST='libc/sys/packetngin/objectlist.awk.in'
UNIX_OBJECTLIST=''
USE_LIBTOOL_FALSE=''
USE_LIBTOOL_TRUE='#'
VERSION='2.0.0'
ac_ct_CC=''
ac_ct_DUMPBIN=''
aext='a'
am__EXEEXT_FALSE=''
am__EXEEXT_TRUE='#'
am__fastdepCC_FALSE='#'
am__fastdepCC_TRUE=''
am__include='include'
am__isrc=' -I$(srcdir)'
am__leading_dot='.'
am__nodep='_no'
am__quote=''
am__tar='$${TAR-tar} chof - "$$tardir"'
am__untar='$${TAR-tar} xf -'
bindir='${exec_prefix}/bin'
build='x86_64-unknown-linux-gnu'
build_alias='x86_64-unknown-linux-gnu'
build_cpu='x86_64'
build_os='linux-gnu'
build_vendor='unknown'
datadir='${datarootdir}'
datarootdir='${prefix}/share'
docdir='${datarootdir}/doc/${PACKAGE_TARNAME}'
dvidir='${docdir}'
exec_prefix='${prefix}'
host='x86_64-pc-packetngin'
host_alias='x86_64-pc-packetngin'
host_cpu='x86_64'
host_os='packetngin'
host_vendor='pc'
htmldir='${docdir}'
includedir='${prefix}/include'
infodir='${datarootdir}/info'
install_sh='${SHELL} /home/semih/packetngin/sdk/newlib-2.0.0/install-sh'
libc_cv_initfinit_array='no'
libdir='${exec_prefix}/lib'
libexecdir='${exec_prefix}/libexec'
libm_machine_dir=''
localedir='${datarootdir}/locale'
localstatedir='${prefix}/var'
lpfx='lib_a-'
machine_dir='x86_64'
mandir='${datarootdir}/man'
mkdir_p='/bin/mkdir -p'
newlib_basedir='../.././newlib/.'
oext='o'
oldincludedir='/usr/include'
pdfdir='${docdir}'
prefix='/usr/local'
program_transform_name='s&^&x86_64-pc-packetngin-&'
psdir='${docdir}'
sbindir='${exec_prefix}/sbin'
sharedstatedir='${prefix}/com'
subdirs=' libc libm doc'
sys_dir='packetngin'
sysconfdir='${prefix}/etc'
target_alias='x86_64-pc-packetngin'

## ----------- ##
## confdefs.h. ##
## ----------- ##

/* confdefs.h */
#define PACKAGE_NAME "newlib"
#define PACKAGE_TARNAME "newlib"
#define PACKAGE_VERSION "2.0.0"
#define PACKAGE_STRING "newlib 2.0.0"
#define PACKAGE_BUGREPORT ""
#define PACKAGE_URL ""
#define _MB_LEN_MAX 1
#define _NEWLIB_VERSION "2.0.0"
#define _ATEXIT_DYNAMIC_ALLOC 1
#define _HAVE_LONG_DOUBLE 1

configure: exit 0
