This file contains any messages produced by compilers while
running configure, to aid debugging if configure makes a mistake.

It was created by newlib configure 2.0.0, which was
generated by GNU Autoconf 2.69.  Invocation command line was

  $ ../../../../.././newlib/libc/sys/packetngin/configure --disable-option-checking --prefix=/usr/local --with-newlib --with-cross-host=x86_64-unknown-linux-gnu --disable-multilib --program-transform-name=s&^&x86_64-pc-packetngin-& --with-target-subdir=x86_64-pc-packetngin --build=x86_64-unknown-linux-gnu --host=x86_64-pc-packetngin --target=x86_64-pc-packetngin build_alias=x86_64-unknown-linux-gnu host_alias=x86_64-pc-packetngin target_alias=x86_64-pc-packetngin CC=x86_64-pc-packetngin-cc -B/home/semih/packetngin/sdk/newlib-2.0.0/x86_64-pc-packetngin/newlib/ -isystem /home/semih/packetngin/sdk/newlib-2.0.0/x86_64-pc-packetngin/newlib/targ-include -isystem /home/semih/packetngin/sdk/newlib-2.0.0/newlib/libc/include -B/home/semih/packetngin/sdk/newlib-2.0.0/x86_64-pc-packetngin/libgloss/x86_64 -L/home/semih/packetngin/sdk/newlib-2.0.0/x86_64-pc-packetngin/libgloss/libnosys -L/home/semih/packetngin/sdk/newlib-2.0.0/libgloss/x86_64    CFLAGS=-g -O2 LDFLAGS= CPPFLAGS= --cache-file=../../.././config.cache --srcdir=../../../../.././newlib/libc/sys/packetngin

## --------- ##
## Platform. ##
## --------- ##

hostname = www
uname -m = x86_64
uname -r = 3.2.0-4-amd64
uname -s = Linux
uname -v = #1 SMP Debian 3.2.51-1

/usr/bin/uname -p = unknown
/bin/uname -X     = unknown

/bin/arch              = unknown
/usr/bin/arch -k       = unknown
/usr/convex/getsysinfo = unknown
/usr/bin/hostinfo      = unknown
/bin/machine           = unknown
/usr/bin/oslevel       = unknown
/bin/universe          = unknown

PATH: /home/semih/bin
PATH: /usr/local/bin
PATH: /usr/bin
PATH: /bin
PATH: /usr/local/games
PATH: /usr/games
PATH: /usr/local/node/bin
PATH: /usr/local/java/bin
PATH: ../bin


## ----------- ##
## Core tests. ##
## ----------- ##

configure:1743: loading cache ../../.././config.cache
configure:1859: checking build system type
configure:1873: result: x86_64-unknown-linux-gnu
configure:1893: checking host system type
configure:1906: result: x86_64-pc-packetngin
configure:1942: checking for a BSD-compatible install
configure:2010: result: /usr/bin/install -c
configure:2021: checking whether build environment is sane
configure:2071: result: yes
configure:2120: checking for x86_64-pc-packetngin-strip
configure:2147: result: x86_64-pc-packetngin-strip
configure:2212: checking for a thread-safe mkdir -p
configure:2251: result: /bin/mkdir -p
configure:2264: checking for gawk
configure:2291: result: mawk
configure:2302: checking whether make sets $(MAKE)
configure:2324: result: yes
configure:2354: checking for style of include used by make
configure:2382: result: GNU
configure:2592: checking for gcc
configure:2619: result: x86_64-pc-packetngin-cc -B/home/semih/packetngin/sdk/newlib-2.0.0/x86_64-pc-packetngin/newlib/ -isystem /home/semih/packetngin/sdk/newlib-2.0.0/x86_64-pc-packetngin/newlib/targ-include -isystem /home/semih/packetngin/sdk/newlib-2.0.0/newlib/libc/include -B/home/semih/packetngin/sdk/newlib-2.0.0/x86_64-pc-packetngin/libgloss/x86_64 -L/home/semih/packetngin/sdk/newlib-2.0.0/x86_64-pc-packetngin/libgloss/libnosys -L/home/semih/packetngin/sdk/newlib-2.0.0/libgloss/x86_64   
configure:2630: checking dependency style of x86_64-pc-packetngin-cc -B/home/semih/packetngin/sdk/newlib-2.0.0/x86_64-pc-packetngin/newlib/ -isystem /home/semih/packetngin/sdk/newlib-2.0.0/x86_64-pc-packetngin/newlib/targ-include -isystem /home/semih/packetngin/sdk/newlib-2.0.0/newlib/libc/include -B/home/semih/packetngin/sdk/newlib-2.0.0/x86_64-pc-packetngin/libgloss/x86_64 -L/home/semih/packetngin/sdk/newlib-2.0.0/x86_64-pc-packetngin/libgloss/libnosys -L/home/semih/packetngin/sdk/newlib-2.0.0/libgloss/x86_64   
configure:2741: result: gcc3
configure:2814: checking whether we are using GNU C
configure:2835: result: yes
configure:2844: checking whether x86_64-pc-packetngin-cc -B/home/semih/packetngin/sdk/newlib-2.0.0/x86_64-pc-packetngin/newlib/ -isystem /home/semih/packetngin/sdk/newlib-2.0.0/x86_64-pc-packetngin/newlib/targ-include -isystem /home/semih/packetngin/sdk/newlib-2.0.0/newlib/libc/include -B/home/semih/packetngin/sdk/newlib-2.0.0/x86_64-pc-packetngin/libgloss/x86_64 -L/home/semih/packetngin/sdk/newlib-2.0.0/x86_64-pc-packetngin/libgloss/libnosys -L/home/semih/packetngin/sdk/newlib-2.0.0/libgloss/x86_64    accepts -g
configure:2905: result: no
configure:2938: checking for x86_64-pc-packetngin-as
configure:2965: result: x86_64-pc-packetngin-as
configure:3030: checking for x86_64-pc-packetngin-ar
configure:3057: result: x86_64-pc-packetngin-ar
configure:3122: checking for x86_64-pc-packetngin-ranlib
configure:3149: result: x86_64-pc-packetngin-ranlib
configure:3214: checking for x86_64-pc-packetngin-readelf
configure:3241: result: x86_64-pc-packetngin-readelf
configure:3310: checking whether to enable maintainer-specific portions of Makefiles
configure:3319: result: no
configure:3621: creating ./config.status

## ---------------------- ##
## Running config.status. ##
## ---------------------- ##

This file was extended by newlib config.status 2.0.0, which was
generated by GNU Autoconf 2.69.  Invocation command line was

  CONFIG_FILES    = 
  CONFIG_HEADERS  = 
  CONFIG_LINKS    = 
  CONFIG_COMMANDS = 
  $ ./config.status 

on www

config.status:808: creating Makefile
config.status:965: executing depfiles commands

## ---------------- ##
## Cache variables. ##
## ---------------- ##

ac_cv_build=x86_64-unknown-linux-gnu
ac_cv_c_compiler_gnu=yes
ac_cv_env_CCASFLAGS_set=
ac_cv_env_CCASFLAGS_value=
ac_cv_env_CCAS_set=
ac_cv_env_CCAS_value=
ac_cv_env_CC_set=set
ac_cv_env_CC_value='x86_64-pc-packetngin-cc -B/home/semih/packetngin/sdk/newlib-2.0.0/x86_64-pc-packetngin/newlib/ -isystem /home/semih/packetngin/sdk/newlib-2.0.0/x86_64-pc-packetngin/newlib/targ-include -isystem /home/semih/packetngin/sdk/newlib-2.0.0/newlib/libc/include -B/home/semih/packetngin/sdk/newlib-2.0.0/x86_64-pc-packetngin/libgloss/x86_64 -L/home/semih/packetngin/sdk/newlib-2.0.0/x86_64-pc-packetngin/libgloss/libnosys -L/home/semih/packetngin/sdk/newlib-2.0.0/libgloss/x86_64   '
ac_cv_env_CFLAGS_set=set
ac_cv_env_CFLAGS_value='-g -O2'
ac_cv_env_CPPFLAGS_set=set
ac_cv_env_CPPFLAGS_value=
ac_cv_env_CPP_set=
ac_cv_env_CPP_value=
ac_cv_env_LDFLAGS_set=set
ac_cv_env_LDFLAGS_value=
ac_cv_env_LIBS_set=
ac_cv_env_LIBS_value=
ac_cv_env_build_alias_set=set
ac_cv_env_build_alias_value=x86_64-unknown-linux-gnu
ac_cv_env_host_alias_set=set
ac_cv_env_host_alias_value=x86_64-pc-packetngin
ac_cv_env_target_alias_set=set
ac_cv_env_target_alias_value=x86_64-pc-packetngin
ac_cv_host=x86_64-pc-packetngin
ac_cv_path_SED=/bin/sed
ac_cv_path_mkdir=/bin/mkdir
ac_cv_prog_AR=x86_64-pc-packetngin-ar
ac_cv_prog_AS=x86_64-pc-packetngin-as
ac_cv_prog_AWK=mawk
ac_cv_prog_CC='x86_64-pc-packetngin-cc -B/home/semih/packetngin/sdk/newlib-2.0.0/x86_64-pc-packetngin/newlib/ -isystem /home/semih/packetngin/sdk/newlib-2.0.0/x86_64-pc-packetngin/newlib/targ-include -isystem /home/semih/packetngin/sdk/newlib-2.0.0/newlib/libc/include -B/home/semih/packetngin/sdk/newlib-2.0.0/x86_64-pc-packetngin/libgloss/x86_64 -L/home/semih/packetngin/sdk/newlib-2.0.0/x86_64-pc-packetngin/libgloss/libnosys -L/home/semih/packetngin/sdk/newlib-2.0.0/libgloss/x86_64   '
ac_cv_prog_RANLIB=x86_64-pc-packetngin-ranlib
ac_cv_prog_READELF=x86_64-pc-packetngin-readelf
ac_cv_prog_STRIP=x86_64-pc-packetngin-strip
ac_cv_prog_cc_g=no
ac_cv_prog_make_make_set=yes
acnewlib_cv_type_long_double=yes
am_cv_CC_dependencies_compiler_type=gcc3
libc_cv_initfinit_array=no
newlib_cv_ldbl_eq_dbl=no

## ----------------- ##
## Output variables. ##
## ----------------- ##

ACLOCAL='${SHELL} /home/semih/packetngin/sdk/newlib-2.0.0/missing --run aclocal-1.11'
AMDEPBACKSLASH='\'
AMDEP_FALSE='#'
AMDEP_TRUE=''
AMTAR='$${TAR-tar}'
AR='x86_64-pc-packetngin-ar'
AS='x86_64-pc-packetngin-as'
AUTOCONF='${SHELL} /home/semih/packetngin/sdk/newlib-2.0.0/missing --run autoconf'
AUTOHEADER='${SHELL} /home/semih/packetngin/sdk/newlib-2.0.0/missing --run autoheader'
AUTOMAKE='${SHELL} /home/semih/packetngin/sdk/newlib-2.0.0/missing --run automake-1.11'
AWK='mawk'
CC='x86_64-pc-packetngin-cc -B/home/semih/packetngin/sdk/newlib-2.0.0/x86_64-pc-packetngin/newlib/ -isystem /home/semih/packetngin/sdk/newlib-2.0.0/x86_64-pc-packetngin/newlib/targ-include -isystem /home/semih/packetngin/sdk/newlib-2.0.0/newlib/libc/include -B/home/semih/packetngin/sdk/newlib-2.0.0/x86_64-pc-packetngin/libgloss/x86_64 -L/home/semih/packetngin/sdk/newlib-2.0.0/x86_64-pc-packetngin/libgloss/libnosys -L/home/semih/packetngin/sdk/newlib-2.0.0/libgloss/x86_64   '
CCAS='x86_64-pc-packetngin-cc -B/home/semih/packetngin/sdk/newlib-2.0.0/x86_64-pc-packetngin/newlib/ -isystem /home/semih/packetngin/sdk/newlib-2.0.0/x86_64-pc-packetngin/newlib/targ-include -isystem /home/semih/packetngin/sdk/newlib-2.0.0/newlib/libc/include -B/home/semih/packetngin/sdk/newlib-2.0.0/x86_64-pc-packetngin/libgloss/x86_64 -L/home/semih/packetngin/sdk/newlib-2.0.0/x86_64-pc-packetngin/libgloss/libnosys -L/home/semih/packetngin/sdk/newlib-2.0.0/libgloss/x86_64   '
CCASFLAGS='-g -O2'
CCDEPMODE='depmode=gcc3'
CYGPATH_W='echo'
DEFS='-DPACKAGE_NAME=\"newlib\" -DPACKAGE_TARNAME=\"newlib\" -DPACKAGE_VERSION=\"2.0.0\" -DPACKAGE_STRING=\"newlib\ 2.0.0\" -DPACKAGE_BUGREPORT=\"\" -DPACKAGE_URL=\"\"'
DEPDIR='.deps'
ECHO_C=''
ECHO_N='-n'
ECHO_T=''
ELIX_LEVEL_0_FALSE='#'
ELIX_LEVEL_0_TRUE=''
ELIX_LEVEL_1_FALSE=''
ELIX_LEVEL_1_TRUE='#'
ELIX_LEVEL_2_FALSE=''
ELIX_LEVEL_2_TRUE='#'
ELIX_LEVEL_3_FALSE=''
ELIX_LEVEL_3_TRUE='#'
ELIX_LEVEL_4_FALSE=''
ELIX_LEVEL_4_TRUE='#'
INSTALL_DATA='/usr/bin/install -c -m 644'
INSTALL_PROGRAM='/usr/bin/install -c'
INSTALL_SCRIPT='/usr/bin/install -c'
INSTALL_STRIP_PROGRAM='$(install_sh) -c -s'
LDFLAGS=''
LIBOBJS=''
LIBS=''
LTLIBOBJS=''
MAINT='#'
MAINTAINER_MODE_FALSE=''
MAINTAINER_MODE_TRUE='#'
MAKEINFO='makeinfo --split-size=5000000'
MAY_SUPPLY_SYSCALLS_FALSE='#'
MAY_SUPPLY_SYSCALLS_TRUE=''
MKDIR_P='/bin/mkdir -p'
NEWLIB_CFLAGS=' -DMALLOC_PROVIDED -fno-builtin'
NO_INCLUDE_LIST=' rpc/types.h rpc/xdr.h'
OBJEXT='o'
PACKAGE='newlib'
PACKAGE_BUGREPORT=''
PACKAGE_NAME='newlib'
PACKAGE_STRING='newlib 2.0.0'
PACKAGE_TARNAME='newlib'
PACKAGE_URL=''
PACKAGE_VERSION='2.0.0'
PATH_SEPARATOR=':'
RANLIB='x86_64-pc-packetngin-ranlib'
READELF='x86_64-pc-packetngin-readelf'
SET_MAKE=''
SHELL='/bin/bash'
STRIP='x86_64-pc-packetngin-strip'
USE_LIBTOOL_FALSE=''
USE_LIBTOOL_TRUE='#'
VERSION='2.0.0'
aext='a'
am__fastdepCC_FALSE='#'
am__fastdepCC_TRUE=''
am__include='include'
am__isrc=' -I$(srcdir)'
am__leading_dot='.'
am__nodep='_no'
am__quote=''
am__tar='$${TAR-tar} chof - "$$tardir"'
am__untar='$${TAR-tar} xf -'
bindir='${exec_prefix}/bin'
build='x86_64-unknown-linux-gnu'
build_alias='x86_64-unknown-linux-gnu'
build_cpu='x86_64'
build_os='linux-gnu'
build_vendor='unknown'
datadir='${datarootdir}'
datarootdir='${prefix}/share'
docdir='${datarootdir}/doc/${PACKAGE_TARNAME}'
dvidir='${docdir}'
exec_prefix='${prefix}'
host='x86_64-pc-packetngin'
host_alias='x86_64-pc-packetngin'
host_cpu='x86_64'
host_os='packetngin'
host_vendor='pc'
htmldir='${docdir}'
includedir='${prefix}/include'
infodir='${datarootdir}/info'
install_sh='${SHELL} /home/semih/packetngin/sdk/newlib-2.0.0/install-sh'
libdir='${exec_prefix}/lib'
libexecdir='${exec_prefix}/libexec'
libm_machine_dir=''
localedir='${datarootdir}/locale'
localstatedir='${prefix}/var'
lpfx='lib_a-'
machine_dir='x86_64'
mandir='${datarootdir}/man'
mkdir_p='/bin/mkdir -p'
newlib_basedir='../../../../.././newlib/libc/sys/packetngin/../../..'
oext='o'
oldincludedir='/usr/include'
pdfdir='${docdir}'
prefix='/usr/local'
program_transform_name='s&^&x86_64-pc-packetngin-&'
psdir='${docdir}'
sbindir='${exec_prefix}/sbin'
sharedstatedir='${prefix}/com'
sys_dir='packetngin'
sysconfdir='${prefix}/etc'
target_alias='x86_64-pc-packetngin'

## ----------- ##
## confdefs.h. ##
## ----------- ##

/* confdefs.h */
#define PACKAGE_NAME "newlib"
#define PACKAGE_TARNAME "newlib"
#define PACKAGE_VERSION "2.0.0"
#define PACKAGE_STRING "newlib 2.0.0"
#define PACKAGE_BUGREPORT ""
#define PACKAGE_URL ""

configure: exit 0

## ---------------------- ##
## Running config.status. ##
## ---------------------- ##

This file was extended by newlib config.status 2.0.0, which was
generated by GNU Autoconf 2.69.  Invocation command line was

  CONFIG_FILES    = 
  CONFIG_HEADERS  = 
  CONFIG_LINKS    = 
  CONFIG_COMMANDS = 
  $ ./config.status Makefile

on frontier

config.status:808: creating Makefile
