 INFO: nweb starting:8080:4872
 INFO: request:GET / HTTP/1.1**Host: localhost:8080**Connection: keep-alive**Cache-Control: max-age=0**Accept: text/html,application/xhtml+xml,application/xml;q=0.9,image/webp,*/*;q=0.8**User-Agent: Mozilla/5.0 (X11; Linux x86_64) AppleWebKit/537.36 (KHTML, like Gecko) Chrome/32.0.1700.107 Safari/537.36**Accept-Encoding: gzip,deflate,sdch**Accept-Language: ko,en-US;q=0.8,en;q=0.6****:1
 INFO: SEND:index.html:1
 INFO: Header:HTTP/1.1 200 OK
Server: nweb/23.0
Content-Length: 80
Connection: close
Content-Type: text/html

:1
 INFO: request:GET /favicon.ico HTTP/1.1**Host: localhost:8080**Connection: keep-alive**Accept: */***User-Agent: Mozilla/5.0 (X11; Linux x86_64) AppleWebKit/537.36 (KHTML, like Gecko) Chrome/32.0.1700.107 Safari/537.36**Accept-Encoding: gzip,deflate,sdch**Accept-Language: ko,en-US;q=0.8,en;q=0.6****:2
NOT FOUND: failed to open file:favicon.ico
 INFO: nweb starting:8084:4987
 INFO: request:GET / HTTP/1.1**Host: localhost:8084**Connection: keep-alive**Accept: text/html,application/xhtml+xml,application/xml;q=0.9,image/webp,*/*;q=0.8**User-Agent: Mozilla/5.0 (X11; Linux x86_64) AppleWebKit/537.36 (KHTML, like Gecko) Chrome/32.0.1700.107 Safari/537.36**Accept-Encoding: gzip,deflate,sdch**Accept-Language: ko,en-US;q=0.8,en;q=0.6****:1
 INFO: SEND:index.html:1
 INFO: Header:HTTP/1.1 200 OK
Server: nweb/23.0
Content-Length: 80
Connection: close
Content-Type: text/html

:1
 INFO: request:GET /favicon.ico HTTP/1.1**Host: localhost:8084**Connection: keep-alive**Accept: */***User-Agent: Mozilla/5.0 (X11; Linux x86_64) AppleWebKit/537.36 (KHTML, like Gecko) Chrome/32.0.1700.107 Safari/537.36**Accept-Encoding: gzip,deflate,sdch**Accept-Language: ko,en-US;q=0.8,en;q=0.6****:2
NOT FOUND: failed to open file:favicon.ico
FORBIDDEN: failed to read browser request:FORBIDDEN: failed to read browser request:

 INFO: nweb starting:8084:10269
 INFO: request:GET / HTTP/1.1**Host: 192.168.200.10**Connection: keep-alive**Cache-Control: max-age=0**Accept: text/html,application/xhtml+xml,application/xml;q=0.9,image/webp,*/*;q=0.8**User-Agent: Mozilla/5.0 (X11; Linux x86_64) AppleWebKit/537.36 (KHTML, like Gecko) Chrome/32.0.1700.107 Safari/537.36**Accept-Encoding: gzip,deflate,sdch**Accept-Language: ko,en-US;q=0.8,en;q=0.6****:1
 INFO: SEND:index.html:1
 INFO: Header:HTTP/1.1 200 OK
Server: nweb/23.0
Content-Length: 80
Connection: close
Content-Type: text/html

:1
 INFO: request:GET / HTTP/1.1**Host: 192.168.200.10**Connection: keep-alive**Cache-Control: max-age=0**Accept: text/html,application/xhtml+xml,application/xml;q=0.9,image/webp,*/*;q=0.8**User-Agent: Mozilla/5.0 (X11; Linux x86_64) AppleWebKit/537.36 (KHTML, like Gecko) Chrome/32.0.1700.107 Safari/537.36**Accept-Encoding: gzip,deflate,sdch**Accept-Language: ko,en-US;q=0.8,en;q=0.6****:2
 INFO: SEND:index.html:2
 INFO: Header:HTTP/1.1 200 OK
Server: nweb/23.0
Content-Length: 80
Connection: close
Content-Type: text/html

:2
 INFO: request:GET / HTTP/1.1**Host: 192.168.200.10**Connection: keep-alive**Cache-Control: max-age=0**Accept: text/html,application/xhtml+xml,application/xml;q=0.9,image/webp,*/*;q=0.8**User-Agent: Mozilla/5.0 (X11; Linux x86_64) AppleWebKit/537.36 (KHTML, like Gecko) Chrome/32.0.1700.107 Safari/537.36**Accept-Encoding: gzip,deflate,sdch**Accept-Language: ko,en-US;q=0.8,en;q=0.6****:3
 INFO: SEND:index.html:3
 INFO: Header:HTTP/1.1 200 OK
Server: nweb/23.0
Content-Length: 80
Connection: close
Content-Type: text/html

:3
 INFO: request:GET / HTTP/1.1**Host: 192.168.200.10**Connection: keep-alive**Cache-Control: max-age=0**Accept: text/html,application/xhtml+xml,application/xml;q=0.9,image/webp,*/*;q=0.8**User-Agent: Mozilla/5.0 (X11; Linux x86_64) AppleWebKit/537.36 (KHTML, like Gecko) Chrome/32.0.1700.107 Safari/537.36**Accept-Encoding: gzip,deflate,sdch**Accept-Language: ko,en-US;q=0.8,en;q=0.6****:4
 INFO: SEND:index.html:4
 INFO: Header:HTTP/1.1 200 OK
Server: nweb/23.0
Content-Length: 80
Connection: close
Content-Type: text/html

:4
 INFO: request:GET / HTTP/1.1**Host: 192.168.200.10**Connection: keep-alive**Cache-Control: max-age=0**Accept: text/html,application/xhtml+xml,application/xml;q=0.9,image/webp,*/*;q=0.8**User-Agent: Mozilla/5.0 (X11; Linux x86_64) AppleWebKit/537.36 (KHTML, like Gecko) Chrome/32.0.1700.107 Safari/537.36**Accept-Encoding: gzip,deflate,sdch**Accept-Language: ko,en-US;q=0.8,en;q=0.6****:5
 INFO: SEND:index.html:5
 INFO: Header:HTTP/1.1 200 OK
Server: nweb/23.0
Content-Length: 80
Connection: close
Content-Type: text/html

:5
 INFO: request:GET / HTTP/1.1**Host: 192.168.200.10**Connection: keep-alive**Cache-Control: max-age=0**Accept: text/html,application/xhtml+xml,application/xml;q=0.9,image/webp,*/*;q=0.8**User-Agent: Mozilla/5.0 (X11; Linux x86_64) AppleWebKit/537.36 (KHTML, like Gecko) Chrome/32.0.1700.107 Safari/537.36**Accept-Encoding: gzip,deflate,sdch**Accept-Language: ko,en-US;q=0.8,en;q=0.6****:6
 INFO: SEND:index.html:6
 INFO: Header:HTTP/1.1 200 OK
Server: nweb/23.0
Content-Length: 80
Connection: close
Content-Type: text/html

:6
 INFO: request:GET / HTTP/1.1**Host: 192.168.200.10**Connection: keep-alive**Cache-Control: max-age=0**Accept: text/html,application/xhtml+xml,application/xml;q=0.9,image/webp,*/*;q=0.8**User-Agent: Mozilla/5.0 (X11; Linux x86_64) AppleWebKit/537.36 (KHTML, like Gecko) Chrome/32.0.1700.107 Safari/537.36**Accept-Encoding: gzip,deflate,sdch**Accept-Language: ko,en-US;q=0.8,en;q=0.6****:7
 INFO: SEND:index.html:7
 INFO: Header:HTTP/1.1 200 OK
Server: nweb/23.0
Content-Length: 80
Connection: close
Content-Type: text/html

:7
 INFO: request:GET / HTTP/1.1**Host: 192.168.200.10**Connection: keep-alive**Cache-Control: max-age=0**Accept: text/html,application/xhtml+xml,application/xml;q=0.9,image/webp,*/*;q=0.8**User-Agent: Mozilla/5.0 (X11; Linux x86_64) AppleWebKit/537.36 (KHTML, like Gecko) Chrome/32.0.1700.107 Safari/537.36**Accept-Encoding: gzip,deflate,sdch**Accept-Language: ko,en-US;q=0.8,en;q=0.6****:8
 INFO: SEND:index.html:8
 INFO: Header:HTTP/1.1 200 OK
Server: nweb/23.0
Content-Length: 80
Connection: close
Content-Type: text/html

:8
 INFO: request:GET / HTTP/1.1**User-Agent: Wget/1.13.4 (linux-gnu)**Accept: */***Host: 192.168.200.10**Connection: Keep-Alive****:9
 INFO: SEND:index.html:9
 INFO: Header:HTTP/1.1 200 OK
Server: nweb/23.0
Content-Length: 80
Connection: close
Content-Type: text/html

:9
 INFO: request:GET / HTTP/1.1**Host: 192.168.200.10**Connection: keep-alive**Cache-Control: max-age=0**Accept: text/html,application/xhtml+xml,application/xml;q=0.9,image/webp,*/*;q=0.8**User-Agent: Mozilla/5.0 (X11; Linux x86_64) AppleWebKit/537.36 (KHTML, like Gecko) Chrome/32.0.1700.107 Safari/537.36**Accept-Encoding: gzip,deflate,sdch**Accept-Language: ko,en-US;q=0.8,en;q=0.6****:10
 INFO: SEND:index.html:10
 INFO: Header:HTTP/1.1 200 OK
Server: nweb/23.0
Content-Length: 80
Connection: close
Content-Type: text/html

:10
 INFO: request:GET / HTTP/1.1**Host: 192.168.200.10**Connection: keep-alive**Cache-Control: max-age=0**Accept: text/html,application/xhtml+xml,application/xml;q=0.9,image/webp,*/*;q=0.8**User-Agent: Mozilla/5.0 (X11; Linux x86_64) AppleWebKit/537.36 (KHTML, like Gecko) Chrome/32.0.1700.107 Safari/537.36**Accept-Encoding: gzip,deflate,sdch**Accept-Language: ko,en-US;q=0.8,en;q=0.6****:11
 INFO: SEND:index.html:11
 INFO: Header:HTTP/1.1 200 OK
Server: nweb/23.0
Content-Length: 80
Connection: close
Content-Type: text/html

:11
 INFO: request:GET / HTTP/1.1**Host: 192.168.200.10**Connection: keep-alive**Cache-Control: max-age=0**Accept: text/html,application/xhtml+xml,application/xml;q=0.9,image/webp,*/*;q=0.8**User-Agent: Mozilla/5.0 (X11; Linux x86_64) AppleWebKit/537.36 (KHTML, like Gecko) Chrome/32.0.1700.107 Safari/537.36**Accept-Encoding: gzip,deflate,sdch**Accept-Language: ko,en-US;q=0.8,en;q=0.6****:12
 INFO: SEND:index.html:12
 INFO: Header:HTTP/1.1 200 OK
Server: nweb/23.0
Content-Length: 80
Connection: close
Content-Type: text/html

:12
 INFO: request:GET / HTTP/1.1**Host: 192.168.200.10**Connection: keep-alive**Cache-Control: max-age=0**Accept: text/html,application/xhtml+xml,application/xml;q=0.9,image/webp,*/*;q=0.8**User-Agent: Mozilla/5.0 (X11; Linux x86_64) AppleWebKit/537.36 (KHTML, like Gecko) Chrome/32.0.1700.107 Safari/537.36**Accept-Encoding: gzip,deflate,sdch**Accept-Language: ko,en-US;q=0.8,en;q=0.6****:13
 INFO: SEND:index.html:13
 INFO: Header:HTTP/1.1 200 OK
Server: nweb/23.0
Content-Length: 80
Connection: close
Content-Type: text/html

:13
 INFO: request:GET / HTTP/1.1**Host: 192.168.200.10**Connection: keep-alive**Cache-Control: max-age=0**Accept: text/html,application/xhtml+xml,application/xml;q=0.9,image/webp,*/*;q=0.8**User-Agent: Mozilla/5.0 (X11; Linux x86_64) AppleWebKit/537.36 (KHTML, like Gecko) Chrome/32.0.1700.107 Safari/537.36**Accept-Encoding: gzip,deflate,sdch**Accept-Language: ko,en-US;q=0.8,en;q=0.6****:14
 INFO: SEND:index.html:14
 INFO: Header:HTTP/1.1 200 OK
Server: nweb/23.0
Content-Length: 80
Connection: close
Content-Type: text/html

:14
 INFO: request:GET / HTTP/1.1**Host: 192.168.200.10**Connection: keep-alive**Cache-Control: max-age=0**Accept: text/html,application/xhtml+xml,application/xml;q=0.9,image/webp,*/*;q=0.8**User-Agent: Mozilla/5.0 (X11; Linux x86_64) AppleWebKit/537.36 (KHTML, like Gecko) Chrome/32.0.1700.107 Safari/537.36**Accept-Encoding: gzip,deflate,sdch**Accept-Language: ko,en-US;q=0.8,en;q=0.6****:15
 INFO: SEND:index.html:15
 INFO: Header:HTTP/1.1 200 OK
Server: nweb/23.0
Content-Length: 80
Connection: close
Content-Type: text/html

:15
