This file contains any messages produced by compilers while
running configure, to aid debugging if configure makes a mistake.

It was created by libgloss configure LIBGLOSS_VERSION, which was
generated by GNU Autoconf 2.68.  Invocation command line was

  $ /home/semih/packetngin/sdk/newlib-2.0.0/libgloss/configure --cache-file=./config.cache --with-newlib --with-cross-host=x86_64-unknown-linux-gnu --disable-multilib --program-transform-name=s&^&x86_64-pc-packetngin-& --disable-option-checking --with-target-subdir=x86_64-pc-packetngin --build=x86_64-unknown-linux-gnu --host=x86_64-pc-packetngin --target=x86_64-pc-packetngin --srcdir=../.././libgloss

## --------- ##
## Platform. ##
## --------- ##

hostname = www
uname -m = x86_64
uname -r = 3.2.0-4-amd64
uname -s = Linux
uname -v = #1 SMP Debian 3.2.51-1

/usr/bin/uname -p = unknown
/bin/uname -X     = unknown

/bin/arch              = unknown
/usr/bin/arch -k       = unknown
/usr/convex/getsysinfo = unknown
/usr/bin/hostinfo      = unknown
/bin/machine           = unknown
/usr/bin/oslevel       = unknown
/bin/universe          = unknown

PATH: /home/semih/bin
PATH: /usr/local/bin
PATH: /usr/bin
PATH: /bin
PATH: /usr/local/games
PATH: /usr/games
PATH: /usr/local/node/bin
PATH: /usr/local/java/bin
PATH: ../bin


## ----------- ##
## Core tests. ##
## ----------- ##

configure:1730: creating cache ./config.cache
configure:1862: checking for a BSD-compatible install
configure:1930: result: /usr/bin/install -c
configure:1946: checking build system type
configure:1960: result: x86_64-unknown-linux-gnu
configure:1980: checking host system type
configure:1993: result: x86_64-pc-packetngin
configure:2013: checking target system type
configure:2026: result: x86_64-pc-packetngin
configure:2054: checking whether build environment is sane
configure:2091: result: yes
configure:2153: checking for gawk
configure:2180: result: mawk
configure:2191: checking whether make sets $(MAKE)
configure:2213: result: yes
configure:2278: checking for x86_64-pc-packetngin-strip
configure:2305: result: x86_64-pc-packetngin-strip
configure:2572: checking for style of include used by make
configure:2600: result: GNU
configure:2627: checking for gcc
configure:2654: result: x86_64-pc-packetngin-cc -B/home/semih/packetngin/sdk/newlib-2.0.0/x86_64-pc-packetngin/newlib/ -isystem /home/semih/packetngin/sdk/newlib-2.0.0/x86_64-pc-packetngin/newlib/targ-include -isystem /home/semih/packetngin/sdk/newlib-2.0.0/newlib/libc/include -B/home/semih/packetngin/sdk/newlib-2.0.0/x86_64-pc-packetngin/libgloss/x86_64 -L/home/semih/packetngin/sdk/newlib-2.0.0/x86_64-pc-packetngin/libgloss/libnosys -L/home/semih/packetngin/sdk/newlib-2.0.0/libgloss/x86_64   
configure:2665: checking dependency style of x86_64-pc-packetngin-cc -B/home/semih/packetngin/sdk/newlib-2.0.0/x86_64-pc-packetngin/newlib/ -isystem /home/semih/packetngin/sdk/newlib-2.0.0/x86_64-pc-packetngin/newlib/targ-include -isystem /home/semih/packetngin/sdk/newlib-2.0.0/newlib/libc/include -B/home/semih/packetngin/sdk/newlib-2.0.0/x86_64-pc-packetngin/libgloss/x86_64 -L/home/semih/packetngin/sdk/newlib-2.0.0/x86_64-pc-packetngin/libgloss/libnosys -L/home/semih/packetngin/sdk/newlib-2.0.0/libgloss/x86_64   
configure:2755: result: gcc3
configure:2830: checking whether we are using GNU C
configure:2841: x86_64-pc-packetngin-cc -B/home/semih/packetngin/sdk/newlib-2.0.0/x86_64-pc-packetngin/newlib/ -isystem /home/semih/packetngin/sdk/newlib-2.0.0/x86_64-pc-packetngin/newlib/targ-include -isystem /home/semih/packetngin/sdk/newlib-2.0.0/newlib/libc/include -B/home/semih/packetngin/sdk/newlib-2.0.0/x86_64-pc-packetngin/libgloss/x86_64 -L/home/semih/packetngin/sdk/newlib-2.0.0/x86_64-pc-packetngin/libgloss/libnosys -L/home/semih/packetngin/sdk/newlib-2.0.0/libgloss/x86_64    -E conftest.c
configure:2844: $? = 0
configure:2851: result: yes
configure:2861: checking whether x86_64-pc-packetngin-cc -B/home/semih/packetngin/sdk/newlib-2.0.0/x86_64-pc-packetngin/newlib/ -isystem /home/semih/packetngin/sdk/newlib-2.0.0/x86_64-pc-packetngin/newlib/targ-include -isystem /home/semih/packetngin/sdk/newlib-2.0.0/newlib/libc/include -B/home/semih/packetngin/sdk/newlib-2.0.0/x86_64-pc-packetngin/libgloss/x86_64 -L/home/semih/packetngin/sdk/newlib-2.0.0/x86_64-pc-packetngin/libgloss/libnosys -L/home/semih/packetngin/sdk/newlib-2.0.0/libgloss/x86_64    accepts -g
configure:2881: x86_64-pc-packetngin-cc -B/home/semih/packetngin/sdk/newlib-2.0.0/x86_64-pc-packetngin/newlib/ -isystem /home/semih/packetngin/sdk/newlib-2.0.0/x86_64-pc-packetngin/newlib/targ-include -isystem /home/semih/packetngin/sdk/newlib-2.0.0/newlib/libc/include -B/home/semih/packetngin/sdk/newlib-2.0.0/x86_64-pc-packetngin/libgloss/x86_64 -L/home/semih/packetngin/sdk/newlib-2.0.0/x86_64-pc-packetngin/libgloss/libnosys -L/home/semih/packetngin/sdk/newlib-2.0.0/libgloss/x86_64    -c -g  conftest.c >&5
configure:2881: $? = 0
configure: failed program was:
| /* confdefs.h */
| #define PACKAGE_NAME "libgloss"
| #define PACKAGE_TARNAME "libgloss"
| #define PACKAGE_VERSION "LIBGLOSS_VERSION"
| #define PACKAGE_STRING "libgloss LIBGLOSS_VERSION"
| #define PACKAGE_BUGREPORT ""
| #define PACKAGE_URL ""
| /* end confdefs.h.  */
| 
| int
| main ()
| {
| 
|   ;
|   return 0;
| }
configure:2896: x86_64-pc-packetngin-cc -B/home/semih/packetngin/sdk/newlib-2.0.0/x86_64-pc-packetngin/newlib/ -isystem /home/semih/packetngin/sdk/newlib-2.0.0/x86_64-pc-packetngin/newlib/targ-include -isystem /home/semih/packetngin/sdk/newlib-2.0.0/newlib/libc/include -B/home/semih/packetngin/sdk/newlib-2.0.0/x86_64-pc-packetngin/libgloss/x86_64 -L/home/semih/packetngin/sdk/newlib-2.0.0/x86_64-pc-packetngin/libgloss/libnosys -L/home/semih/packetngin/sdk/newlib-2.0.0/libgloss/x86_64    -c   conftest.c >&5
configure:2896: $? = 0
configure: failed program was:
| /* confdefs.h */
| #define PACKAGE_NAME "libgloss"
| #define PACKAGE_TARNAME "libgloss"
| #define PACKAGE_VERSION "LIBGLOSS_VERSION"
| #define PACKAGE_STRING "libgloss LIBGLOSS_VERSION"
| #define PACKAGE_BUGREPORT ""
| #define PACKAGE_URL ""
| /* end confdefs.h.  */
| 
| int
| main ()
| {
| 
|   ;
|   return 0;
| }
configure:2912: x86_64-pc-packetngin-cc -B/home/semih/packetngin/sdk/newlib-2.0.0/x86_64-pc-packetngin/newlib/ -isystem /home/semih/packetngin/sdk/newlib-2.0.0/x86_64-pc-packetngin/newlib/targ-include -isystem /home/semih/packetngin/sdk/newlib-2.0.0/newlib/libc/include -B/home/semih/packetngin/sdk/newlib-2.0.0/x86_64-pc-packetngin/libgloss/x86_64 -L/home/semih/packetngin/sdk/newlib-2.0.0/x86_64-pc-packetngin/libgloss/libnosys -L/home/semih/packetngin/sdk/newlib-2.0.0/libgloss/x86_64    -c -g  conftest.c >&5
configure:2912: $? = 0
configure: failed program was:
| /* confdefs.h */
| #define PACKAGE_NAME "libgloss"
| #define PACKAGE_TARNAME "libgloss"
| #define PACKAGE_VERSION "LIBGLOSS_VERSION"
| #define PACKAGE_STRING "libgloss LIBGLOSS_VERSION"
| #define PACKAGE_BUGREPORT ""
| #define PACKAGE_URL ""
| /* end confdefs.h.  */
| 
| int
| main ()
| {
| 
|   ;
|   return 0;
| }
configure:2922: result: no
configure:2955: checking for ar
configure:2983: result: x86_64-pc-packetngin-ar
configure:2998: checking for x86_64-pc-packetngin-ranlib
configure:3025: result: x86_64-pc-packetngin-ranlib
configure:3175: updating cache ./config.cache
configure:3268: creating ./config.status

## ---------------------- ##
## Running config.status. ##
## ---------------------- ##

This file was extended by libgloss config.status LIBGLOSS_VERSION, which was
generated by GNU Autoconf 2.68.  Invocation command line was

  CONFIG_FILES    = 
  CONFIG_HEADERS  = 
  CONFIG_LINKS    = 
  CONFIG_COMMANDS = 
  $ ./config.status 

on www

config.status:829: creating Makefile
config.status:985: executing depfiles commands
configure:4510: === configuring in doc (/home/semih/packetngin/sdk/newlib-2.0.0/x86_64-pc-packetngin/libgloss/doc)
configure:4573: running /bin/bash ../../.././libgloss/doc/configure --disable-option-checking '--prefix=/usr/local'  '--with-newlib' '--with-cross-host=x86_64-unknown-linux-gnu' '--disable-multilib' '--program-transform-name=s&^&x86_64-pc-packetngin-&' '--with-target-subdir=x86_64-pc-packetngin' '--build=x86_64-unknown-linux-gnu' '--host=x86_64-pc-packetngin' '--target=x86_64-pc-packetngin' 'build_alias=x86_64-unknown-linux-gnu' 'host_alias=x86_64-pc-packetngin' 'target_alias=x86_64-pc-packetngin' --cache-file=.././config.cache --srcdir=../../.././libgloss/doc
configure:4510: === configuring in libnosys (/home/semih/packetngin/sdk/newlib-2.0.0/x86_64-pc-packetngin/libgloss/libnosys)
configure:4573: running /bin/bash ../../.././libgloss/libnosys/configure --disable-option-checking '--prefix=/usr/local'  '--with-newlib' '--with-cross-host=x86_64-unknown-linux-gnu' '--disable-multilib' '--program-transform-name=s&^&x86_64-pc-packetngin-&' '--with-target-subdir=x86_64-pc-packetngin' '--build=x86_64-unknown-linux-gnu' '--host=x86_64-pc-packetngin' '--target=x86_64-pc-packetngin' 'build_alias=x86_64-unknown-linux-gnu' 'host_alias=x86_64-pc-packetngin' 'target_alias=x86_64-pc-packetngin' --cache-file=.././config.cache --srcdir=../../.././libgloss/libnosys

## ---------------- ##
## Cache variables. ##
## ---------------- ##

ac_cv_build=x86_64-unknown-linux-gnu
ac_cv_c_compiler_gnu=yes
ac_cv_env_CCASFLAGS_set=
ac_cv_env_CCASFLAGS_value=
ac_cv_env_CCAS_set=
ac_cv_env_CCAS_value=
ac_cv_env_build_alias_set=set
ac_cv_env_build_alias_value=x86_64-unknown-linux-gnu
ac_cv_env_host_alias_set=set
ac_cv_env_host_alias_value=x86_64-pc-packetngin
ac_cv_env_target_alias_set=set
ac_cv_env_target_alias_value=x86_64-pc-packetngin
ac_cv_host=x86_64-pc-packetngin
ac_cv_prog_AR=x86_64-pc-packetngin-ar
ac_cv_prog_AWK=mawk
ac_cv_prog_CC='x86_64-pc-packetngin-cc -B/home/semih/packetngin/sdk/newlib-2.0.0/x86_64-pc-packetngin/newlib/ -isystem /home/semih/packetngin/sdk/newlib-2.0.0/x86_64-pc-packetngin/newlib/targ-include -isystem /home/semih/packetngin/sdk/newlib-2.0.0/newlib/libc/include -B/home/semih/packetngin/sdk/newlib-2.0.0/x86_64-pc-packetngin/libgloss/x86_64 -L/home/semih/packetngin/sdk/newlib-2.0.0/x86_64-pc-packetngin/libgloss/libnosys -L/home/semih/packetngin/sdk/newlib-2.0.0/libgloss/x86_64   '
ac_cv_prog_RANLIB=x86_64-pc-packetngin-ranlib
ac_cv_prog_STRIP=x86_64-pc-packetngin-strip
ac_cv_prog_cc_g=no
ac_cv_prog_make_make_set=yes
ac_cv_target=x86_64-pc-packetngin
am_cv_CC_dependencies_compiler_type=gcc3

## ----------------- ##
## Output variables. ##
## ----------------- ##

ACLOCAL='${SHELL} /home/semih/packetngin/sdk/newlib-2.0.0/missing --run aclocal-1.9'
AMDEPBACKSLASH='\'
AMDEP_FALSE='#'
AMDEP_TRUE=''
AMTAR='${SHELL} /home/semih/packetngin/sdk/newlib-2.0.0/missing --run tar'
AR='x86_64-pc-packetngin-ar'
AS='x86_64-pc-packetngin-as'
AUTOCONF='${SHELL} /home/semih/packetngin/sdk/newlib-2.0.0/missing --run autoconf'
AUTOHEADER='${SHELL} /home/semih/packetngin/sdk/newlib-2.0.0/missing --run autoheader'
AUTOMAKE='${SHELL} /home/semih/packetngin/sdk/newlib-2.0.0/missing --run automake-1.9'
AWK='mawk'
CC='x86_64-pc-packetngin-cc -B/home/semih/packetngin/sdk/newlib-2.0.0/x86_64-pc-packetngin/newlib/ -isystem /home/semih/packetngin/sdk/newlib-2.0.0/x86_64-pc-packetngin/newlib/targ-include -isystem /home/semih/packetngin/sdk/newlib-2.0.0/newlib/libc/include -B/home/semih/packetngin/sdk/newlib-2.0.0/x86_64-pc-packetngin/libgloss/x86_64 -L/home/semih/packetngin/sdk/newlib-2.0.0/x86_64-pc-packetngin/libgloss/libnosys -L/home/semih/packetngin/sdk/newlib-2.0.0/libgloss/x86_64   '
CCAS='x86_64-pc-packetngin-cc -B/home/semih/packetngin/sdk/newlib-2.0.0/x86_64-pc-packetngin/newlib/ -isystem /home/semih/packetngin/sdk/newlib-2.0.0/x86_64-pc-packetngin/newlib/targ-include -isystem /home/semih/packetngin/sdk/newlib-2.0.0/newlib/libc/include -B/home/semih/packetngin/sdk/newlib-2.0.0/x86_64-pc-packetngin/libgloss/x86_64 -L/home/semih/packetngin/sdk/newlib-2.0.0/x86_64-pc-packetngin/libgloss/libnosys -L/home/semih/packetngin/sdk/newlib-2.0.0/libgloss/x86_64   '
CCASFLAGS=''
CCDEPMODE='depmode=gcc3'
CYGPATH_W='echo'
DEFS='-DPACKAGE_NAME=\"libgloss\" -DPACKAGE_TARNAME=\"libgloss\" -DPACKAGE_VERSION=\"LIBGLOSS_VERSION\" -DPACKAGE_STRING=\"libgloss\ LIBGLOSS_VERSION\" -DPACKAGE_BUGREPORT=\"\" -DPACKAGE_URL=\"\"'
DEPDIR='.deps'
ECHO_C=''
ECHO_N='-n'
ECHO_T=''
INSTALL_DATA='/usr/bin/install -c -m 644'
INSTALL_PROGRAM='/usr/bin/install -c'
INSTALL_SCRIPT='/usr/bin/install -c'
INSTALL_STRIP_PROGRAM='${SHELL} $(install_sh) -c -s'
LD='x86_64-pc-packetngin-ld'
LIBOBJS=''
LIBS=''
LTLIBOBJS=''
MAKEINFO='makeinfo --split-size=5000000'
PACKAGE='libgloss'
PACKAGE_BUGREPORT=''
PACKAGE_NAME='libgloss'
PACKAGE_STRING='libgloss LIBGLOSS_VERSION'
PACKAGE_TARNAME='libgloss'
PACKAGE_URL=''
PACKAGE_VERSION='LIBGLOSS_VERSION'
PATH_SEPARATOR=':'
RANLIB='x86_64-pc-packetngin-ranlib'
SET_MAKE=''
SHELL='/bin/bash'
STRIP='x86_64-pc-packetngin-strip'
VERSION='LIBGLOSS_VERSION'
am__fastdepCC_FALSE='#'
am__fastdepCC_TRUE=''
am__include='include'
am__leading_dot='.'
am__quote=''
am__tar='${AMTAR} chof - "$$tardir"'
am__untar='${AMTAR} xf -'
bindir='${exec_prefix}/bin'
build='x86_64-unknown-linux-gnu'
build_alias='x86_64-unknown-linux-gnu'
build_cpu='x86_64'
build_os='linux-gnu'
build_vendor='unknown'
datadir='${datarootdir}'
datarootdir='${prefix}/share'
docdir='${datarootdir}/doc/${PACKAGE_TARNAME}'
dvidir='${docdir}'
exec_prefix='${prefix}'
host='x86_64-pc-packetngin'
host_alias='x86_64-pc-packetngin'
host_cpu='x86_64'
host_makefile_frag_path='../.././libgloss/config/default.mh'
host_os='packetngin'
host_vendor='pc'
htmldir='${docdir}'
includedir='${prefix}/include'
infodir='${datarootdir}/info'
install_sh='/home/semih/packetngin/sdk/newlib-2.0.0/install-sh'
libdir='${exec_prefix}/lib'
libexecdir='${exec_prefix}/libexec'
localedir='${datarootdir}/locale'
localstatedir='${prefix}/var'
mandir='${datarootdir}/man'
mkdir_p='mkdir -p --'
oldincludedir='/usr/include'
pdfdir='${docdir}'
prefix='/usr/local'
program_transform_name='s&^&x86_64-pc-packetngin-&'
psdir='${docdir}'
sbindir='${exec_prefix}/sbin'
sharedstatedir='${prefix}/com'
subdirs=' doc libnosys'
sysconfdir='${prefix}/etc'
target='x86_64-pc-packetngin'
target_alias='x86_64-pc-packetngin'
target_cpu='x86_64'
target_os='packetngin'
target_vendor='pc'

## ------------------- ##
## File substitutions. ##
## ------------------- ##

host_makefile_frag='../.././libgloss/config/default.mh'

## ----------- ##
## confdefs.h. ##
## ----------- ##

/* confdefs.h */
#define PACKAGE_NAME "libgloss"
#define PACKAGE_TARNAME "libgloss"
#define PACKAGE_VERSION "LIBGLOSS_VERSION"
#define PACKAGE_STRING "libgloss LIBGLOSS_VERSION"
#define PACKAGE_BUGREPORT ""
#define PACKAGE_URL ""

configure: exit 0
